Solid Edge Translation to STL
Date: donderdag,februari 23,2023 09:37
Source File:C:\Users\emiel\OneDrive - KU Leuven\Documents\GitHub\Puzzel_bal\Koppelstuk.par
Source System: SOLID EDGE

Hardware:
Processor: Intel(R) Core(TM) i7-9750H CPU @ 2.60GHz
Operating System: Windows 10
Installed Memory: 15,84 GB

Software Information:
Parasolid Version: 34.0.153
PSBodyshop Version: 34.0.110
Solid Edge Version: 222.00.00.132 x64

STL Export Options:
Output File Format:BINARY
Export Displayed Parts:Off
structureOption: Monolithic
Export Units:Inch
Export Tolerance Value:0,050000
Export Tolerance Type:Custom
Export Surface Plane Angle Value:0,523599

Translation progress:
Phase 1 of 2 Fetching Parasolid information...
Phase 2 of 2 Translating Parasolid to foreign data types...
Number of STL file Created : 1
Translation process completed
Time required to translate:00 : 00 : 00
